[22:49:22] [Server thread/INFO]: Starting minecraft server version 1.8.8
[22:49:22] [Server console handler/ERROR]: Exception handling console input
java.io.IOException: The handle is invalid
	at java.io.FileInputStream.readBytes(Native Method) ~[?:1.8.0_65]
	at java.io.FileInputStream.read(Unknown Source) ~[?:1.8.0_65]
	at java.io.BufferedInputStream.read1(Unknown Source) ~[?:1.8.0_65]
	at java.io.BufferedInputStream.read(Unknown Source) ~[?:1.8.0_65]
	at sun.nio.cs.StreamDecoder.readBytes(Unknown Source) ~[?:1.8.0_65]
	at sun.nio.cs.StreamDecoder.implRead(Unknown Source) ~[?:1.8.0_65]
	at sun.nio.cs.StreamDecoder.read(Unknown Source) ~[?:1.8.0_65]
	at java.io.InputStreamReader.read(Unknown Source) ~[?:1.8.0_65]
	at java.io.BufferedReader.fill(Unknown Source) ~[?:1.8.0_65]
	at java.io.BufferedReader.readLine(Unknown Source) ~[?:1.8.0_65]
	at java.io.BufferedReader.readLine(Unknown Source) ~[?:1.8.0_65]
	at ko$2.run(SourceFile:81) [minecraft_server.1.8.8.exe:?]
[22:49:22] [Server thread/INFO]: Loading properties
[22:49:22] [Server thread/INFO]: Default game type: SURVIVAL
[22:49:22] [Server thread/INFO]: Generating keypair
[22:49:23] [Server thread/INFO]: Starting Minecraft server on *:25565
[22:49:23] [Server thread/INFO]: Using default channel type
[22:49:24] [Server thread/INFO]: Preparing level "world"
[22:49:24] [Server thread/INFO]: Preparing start region for level 0
[22:49:25] [Server thread/INFO]: Preparing spawn area: 18%
[22:49:26] [Server thread/INFO]: Preparing spawn area: 47%
[22:49:27] [Server thread/INFO]: Preparing spawn area: 73%
[22:49:28] [Server thread/INFO]: Done (4.157s)! For help, type "help" or "?"
[22:56:57] [Server thread/INFO]: Stopping server
[22:56:57] [Server thread/INFO]: Saving players
[22:56:57] [Server thread/INFO]: Saving worlds
[22:56:57] [Server thread/INFO]: Saving chunks for level 'world'/Overworld
[22:56:57] [Server thread/INFO]: Saving chunks for level 'world'/Nether
[22:56:57] [Server thread/INFO]: Saving chunks for level 'world'/The End
[22:56:57] [Server Shutdown Thread/INFO]: Stopping server
